#
# A fatal error has been detected by the Java Runtime Environment:
#
#  EXCEPTION_ACCESS_VIOLATION (0xc0000005) at pc=0x00007ff8cddc5deb, pid=34464, tid=36148
#
# JRE version: OpenJDK Runtime Environment (24.0.1+9) (build 24.0.1+9-30)
# Java VM: OpenJDK 64-Bit Server VM (24.0.1+9-30, mixed mode, emulated-client, sharing, tiered, compressed oops, compressed class ptrs, g1 gc, windows-amd64)
# Problematic frame:
# C  [libasyncProfiler.dll+0xa5deb]
#
# No core dump will be written. Minidumps are not enabled by default on client versions of Windows
#
# JFR recording file will be written. Location: C:\Users\Nitro\IdeaProjects\Springboot\sb_projects\Microservice-Smart-Ecommerce-System\hs_err_pid34464.jfr
#
# If you would like to submit a bug report, please visit:
#   https://bugreport.java.com/bugreport/crash.jsp
# The crash happened outside the Java Virtual Machine in native code.
# See problematic frame for where to report the bug.
#

---------------  S U M M A R Y ------------

Command Line: -XX:TieredStopAtLevel=1 -Dspring.output.ansi.enabled=always -Dcom.sun.management.jmxremote -Dspring.jmx.enabled=true -Dspring.liveBeansView.mbeanDomain -Dspring.application.admin.enabled=true -Dmanagement.endpoints.jmx.exposure.include=* -javaagent:C:\Program Files\JetBrains\IntelliJ IDEA 2024.1.1\lib\idea_rt.jar=58880:C:\Program Files\JetBrains\IntelliJ IDEA 2024.1.1\bin -agentpath:C:\Users\Nitro\AppData\Local\Temp\idea_libasyncProfiler_dll_temp_folder\libasyncProfiler.dll=start,jfr,event=wall,interval=10ms,jfrsync=profile,cstack=no,file=C:\Users\Nitro\IdeaSnapshots\UserServiceApplication__1__2025_06_25_233354.jfr,dbghelppath=C:\Users\Nitro\AppData\Local\Temp\idea_dbghelp_dll_temp_folder\dbghelp.dll,log=C:\Users\Nitro\AppData\Local\Temp\UserServiceApplication__1__2025_06_25_233354.jfr.log.txt,logLevel=DEBUG -Dfile.encoding=UTF-8 -Dsun.stdout.encoding=UTF-8 -Dsun.stderr.encoding=UTF-8 NiggleNandu.User_Service.UserServiceApplication

Host: 13th Gen Intel(R) Core(TM) i7-13620H, 16 cores, 7G,  Windows 11 , 64 bit Build 26100 (10.0.26100.4202)
Time: Wed Jun 25 23:33:58 2025 Nepal Standard Time elapsed time: 3.520841 seconds (0d 0h 0m 3s)

---------------  T H R E A D  ---------------

Current thread (0x000001fae259a930):  JavaThread "main"             [_thread_in_native, id=36148, stack(0x0000000596500000,0x0000000596600000) (1024K)]

Stack: [0x0000000596500000,0x0000000596600000],  sp=0x00000005965fe3b0,  free space=1016k
Native frames: (J=compiled Java code, j=interpreted, Vv=VM code, C=native code)
C  [libasyncProfiler.dll+0xa5deb]  (no source info available)
C  [libasyncProfiler.dll+0xa61ab]  (no source info available)
C  [libasyncProfiler.dll+0xa4fd4]  (no source info available)
C  [libasyncProfiler.dll+0xa58b7]  (no source info available)
C  [libasyncProfiler.dll+0xa00fb]  (no source info available)
C  [libasyncProfiler.dll+0x91efe]  (no source info available)
C  [libasyncProfiler.dll+0x90810]  (no source info available)
C  [libasyncProfiler.dll+0x906e4]  (no source info available)
C  [libasyncProfiler.dll+0x96f46]  (no source info available)
V  [jvm.dll+0x5e38de]  (no source info available)
V  [jvm.dll+0x886056]  (no source info available)
V  [jvm.dll+0x495f3e]  (no source info available)
V  [jvm.dll+0x497d11]  (no source info available)
C  [jli.dll+0x52a1]  (no source info available)
C  [ucrtbase.dll+0x37b0]  (no source info available)
C  [KERNEL32.DLL+0x2e8d7]  (no source info available)
C  [ntdll.dll+0x3c34c]  (no source info available)


siginfo: EXCEPTION_ACCESS_VIOLATION (0xc0000005), reading address 0xffffffffffffffff


Registers:
RAX=0x0000000000000010, RBX=0x0000000000000000, RCX=0xffffffffffffffff, RDX=0x007ff8b9f6300010
RSP=0x00000005965fe3b0, RBP=0x000001fac1624918, RSI=0x00000005965fe4e8, RDI=0x000001fac1624918
R8 =0x0000000000000042, R9 =0x000000008c501ed8, R10=0x00007ff8ba1d9fb0, R11=0x0000000000000002
R12=0x00000005965fe4e8, R13=0x000001fae2a11150, R14=0x000001fae259acf8, R15=0x000000000000001a
RIP=0x00007ff8cddc5deb, EFLAGS=0x0000000000010202

XMM[0]=0x0000000000000000 0x0000000000000000
XMM[1]=0x0000000000000000 0x0000000000000000
XMM[2]=0x0000000000000000 0x0000000000000000
XMM[3]=0x0000000000000000 0x0000000000000000
XMM[4]=0x0000000000000000 0x0000000000000000
XMM[5]=0x0000000000000000 0x0000000000000000
XMM[6]=0x0000000000000000 0x0000000000000000
XMM[7]=0x0000000000000000 0x0000000000000000
XMM[8]=0x0000000000000000 0x0000000000000000
XMM[9]=0x0000000000000000 0x0000000000000000
XMM[10]=0x0000000000000000 0x0000000000000000
XMM[11]=0x0000000000000000 0x0000000000000000
XMM[12]=0x0000000000000000 0x0000000000000000
XMM[13]=0x0000000000000000 0x0000000000000000
XMM[14]=0x0000000000000000 0x0000000000000000
XMM[15]=0x0000000000000000 0x0000000000000000
  MXCSR=0x00001fa0


Register to memory mapping:

RAX=0x0000000000000010 is an unknown value
RBX=0x0 is null
RCX=0xffffffffffffffff is an unknown value
RDX=0x007ff8b9f6300010 is an unknown value
RSP=0x00000005965fe3b0 is pointing into the stack for thread: 0x000001fae259a930
RBP=0x000001fac1624918 points into unknown readable memory: 0x000000008c501ed8 | d8 1e 50 8c 00 00 00 00
RSI=0x00000005965fe4e8 is pointing into the stack for thread: 0x000001fae259a930
RDI=0x000001fac1624918 points into unknown readable memory: 0x000000008c501ed8 | d8 1e 50 8c 00 00 00 00
R8 =0x0000000000000042 is an unknown value
R9 =0x000000008c501ed8 is an oop: java.lang.Thread 
{0x000000008c501ed8} - klass: 'java/lang/Thread' - flags: 

 - ---- fields (total size 14 words):
 - 'threadLocalRandomProbe' 'I' @12  0 (0x00000000)
 - private volatile 'eetop' 'J' @16  2177050978608 (0x000001fae259a930)
 - private final 'tid' 'J' @24  3 (0x0000000000000003)
 - 'threadLocalRandomSeed' 'J' @32  0 (0x0000000000000000)
 - injected 'jvmti_thread_state' 'J' @40  2177017441424 (0x000001fae059ec90)
 - 'threadLocalRandomSecondarySeed' 'I' @48  0 (0x00000000)
 - injected 'jvmti_VTMS_transition_disable_count' 'I' @52  0 (0x00000000)
 - injected 'jfr_epoch' 'S' @56  0 (0x0000)
 - volatile 'interrupted' 'Z' @58  false (0x00)
 - injected 'jvmti_is_in_VTMS_transition' 'Z' @59  false (0x00)
 - private volatile 'name' 'Ljava/lang/String;' @60  "main"{0x000000008c501f48} (0x8c501f48)
 - private volatile 'contextClassLoader' 'Ljava/lang/ClassLoader;' @64  a 'jdk/internal/loader/ClassLoaders$AppClassLoader'{0x000000008c538b70} (0x8c538b70)
 - private final 'holder' 'Ljava/lang/Thread$FieldHolder;' @68  a 'java/lang/Thread$FieldHolder'{0x000000008c501f88} (0x8c501f88)
 - 'threadLocals' 'Ljava/lang/ThreadLocal$ThreadLocalMap;' @72  a 'java/lang/ThreadLocal$ThreadLocalMap'{0x000000008c3d6ce0} (0x8c3d6ce0)
 - 'inheritableThreadLocals' 'Ljava/lang/ThreadLocal$ThreadLocalMap;' @76  null (0x00000000)
 - private 'scopedValueBindings' 'Ljava/lang/Object;' @80  a 'java/lang/Class'{0x00000000ffe7c258} = 'java/lang/Thread' (0xffe7c258)
 - final 'interruptLock' 'Ljava/lang/Object;' @84  a 'java/lang/Object'{0x000000008c501f78} (0x8c501f78)
 - private volatile 'parkBlocker' 'Ljava/lang/Object;' @88  null (0x00000000)
 - private 'nioBlocker' 'Lsun/nio/ch/Interruptible;' @92  null (0x00000000)
 - private 'cont' 'Ljdk/internal/vm/Continuation;' @96  null (0x00000000)
 - private volatile 'uncaughtExceptionHandler' 'Ljava/lang/Thread$UncaughtExceptionHandler;' @100  null (0x00000000)
 - private 'container' 'Ljdk/internal/vm/ThreadContainer;' @104  null (0x00000000)
 - private volatile 'headStackableScopes' 'Ljdk/internal/vm/StackableScope;' @108  null (0x00000000)
R10=0x00007ff8ba1d9fb0 jvm.dll
R11=0x0000000000000002 is an unknown value
R12=0x00000005965fe4e8 is pointing into the stack for thread: 0x000001fae259a930
R13=0x000001fae2a11150 points into unknown readable memory: 0x00007ff8ba14a510 | 10 a5 14 ba f8 7f 00 00
R14=0x000001fae259acf8 points into unknown readable memory: 0x00007ff8ba1417b0 | b0 17 14 ba f8 7f 00 00
R15=0x000000000000001a is an unknown value

Top of Stack: (sp=0x00000005965fe3b0)
0x00000005965fe3b0:   00000005965fe4e8 000001fac1624918   .._......Ib.....
0x00000005965fe3c0:   0000000000000000 00000000000006d0   ................
0x00000005965fe3d0:   000001fac7077370 00007ff8cddc61ab   ps.......a......
0x00000005965fe3e0:   0000000000000000 000001fae259acf8   ..........Y.....
0x00000005965fe3f0:   0000000000000000 000001fac7077370   ........ps......
0x00000005965fe400:   000001fae259acf8 00007ff8cddc4fd4   ..Y......O......
0x00000005965fe410:   0000000000000000 000000000000001a   ................
0x00000005965fe420:   0000000000000000 000001fac7077370   ........ps......
0x00000005965fe430:   00007ff800000009 000001fac70a00f0   ................
0x00000005965fe440:   fffffffffffffffe 000001fac7077370   ........ps......
0x00000005965fe450:   000001fac70773d8 000001fac70773e0   .s.......s......
0x00000005965fe460:   00000000000094b0 0000000000000000   ................
0x00000005965fe470:   0000000000000000 0000000000000000   ................
0x00000005965fe480:   00007ff8cdf5e040 0000000000000001   @...............
0x00000005965fe490:   0000000000000000 0000000000000000   ................
0x00000005965fe4a0:   00007ff8cdf6db30 00007ff8cddc58b7   0........X......
0x00000005965fe4b0:   000001fae259acf8 00000000000086a0   ..Y.............
0x00000005965fe4c0:   00000005965fe530 00000000ffffffff   0._.............
0x00000005965fe4d0:   3030303030303031 0000000000000000   10000000........
0x00000005965fe4e0:   0000000000108b58 000001fac70bc7c0   X...............
0x00000005965fe4f0:   000001fac70bcb00 000001fac70bcb00   ................
0x00000005965fe500:   000001fae259acf8 000001fae259acf8   ..Y.......Y.....
0x00000005965fe510:   fffffffffffffffe 00007ff8cdf6db30   ........0.......
0x00000005965fe520:   000001fae2a272a8 00000005965fe698   .r........_.....
0x00000005965fe530:   00007ff8cdf5e040 00007ff8cdf5e040   @.......@.......
0x00000005965fe540:   0000000000000000 00007ff8cdf6db80   ................
0x00000005965fe550:   0000000000989680 00000005965fe848   ........H._.....
0x00000005965fe560:   00000005965fe670 00007ff8cddc00fb   p._.............
0x00000005965fe570:   00007ff8cdf6db88 00007ff94a91fc41   ........A..J....
0x00000005965fe580:   00007ff8cdf6db88 001ed7de00001000   ................
0x00000005965fe590:   002bd7ff00000001 0000000000010000   ......+.........
0x00000005965fe5a0:   0000000000010000 00007ffffffeffff   ................

Instructions: (pc=0x00007ff8cddc5deb)
  0x00007ff8cddc5ceb:   cc cc cc cc cc cc cc cc cc cc cc cc cc cc cc cc
  0x00007ff8cddc5cfb:   cc cc cc cc cc cc cc cc cc cc cc cc cc cc cc cc
  0x00007ff8cddc5d0b:   cc cc cc cc cc cc cc cc cc cc cc cc cc cc cc cc
  0x00007ff8cddc5d1b:   cc cc cc cc cc cc cc cc cc cc cc cc cc cc cc cc
  0x00007ff8cddc5d2b:   cc cc cc cc cc cc cc cc cc cc cc cc cc cc cc cc
  0x00007ff8cddc5d3b:   cc cc cc cc cc cc cc cc cc cc cc cc cc cc cc cc
  0x00007ff8cddc5d4b:   cc cc cc cc cc cc cc cc cc cc cc cc cc cc cc cc
  0x00007ff8cddc5d5b:   cc cc cc cc cc cc cc cc cc cc cc cc cc cc cc cc
  0x00007ff8cddc5d6b:   cc cc cc cc cc cc cc cc cc cc cc cc cc cc cc cc
  0x00007ff8cddc5d7b:   cc cc cc cc cc 48 89 5c 24 08 57 48 83 ec 20 48
  0x00007ff8cddc5d8b:   8b f9 48 8d 54 24 38 48 8b 0d 77 7f 1a 00 41 b8
  0x00007ff8cddc5d9b:   06 00 01 00 48 8b 01 4c 8b 48 30 41 ff d1 4c 8b
  0x00007ff8cddc5dab:   05 70 80 1a 00 33 c9 85 c0 48 0f 44 4c 24 38 4d
  0x00007ff8cddc5dbb:   85 c0 74 4a 48 8b 01 48 8b d7 4c 8b 88 28 03 00
  0x00007ff8cddc5dcb:   00 41 ff d1 48 85 c0 74 35 48 63 0d 59 1f 1a 00
  0x00007ff8cddc5ddb:   48 8b 14 01 48 85 d2 74 15 48 63 05 5d 1f 1a 00
=>0x00007ff8cddc5deb:   8b 04 10 48 8b 5c 24 30 48 83 c4 20 5f c3 b8 ff
  0x00007ff8cddc5dfb:   ff ff ff 48 8b 5c 24 30 48 83 c4 20 5f c3 80 3d
  0x00007ff8cddc5e0b:   14 7f 1a 00 00 bb ff ff ff ff 74 20 4c 8b 0d aa
  0x00007ff8cddc5e1b:   7b 1a 00 4c 8d 44 24 38 48 8b 0d 8e 7b 1a 00 48
  0x00007ff8cddc5e2b:   8b d7 41 ff d1 85 c0 0f 44 5c 24 38 8b c3 48 8b
  0x00007ff8cddc5e3b:   5c 24 30 48 83 c4 20 5f c3 cc cc cc cc cc cc cc
  0x00007ff8cddc5e4b:   cc cc cc cc cc cc cc cc cc cc cc cc cc cc cc cc
  0x00007ff8cddc5e5b:   cc cc cc cc cc cc cc cc cc cc cc cc cc cc cc cc
  0x00007ff8cddc5e6b:   cc cc cc cc cc cc cc cc cc cc cc cc cc cc cc cc
  0x00007ff8cddc5e7b:   cc cc cc cc cc 40 57 48 83 ec 30 48 c7 44 24 20
  0x00007ff8cddc5e8b:   fe ff ff ff 48 89 5c 24 50 48 8b fa 48 8b d9 48
  0x00007ff8cddc5e9b:   89 4c 24 40 b9 01 00 00 00 33 c0 f0 0f b1 0b 74
  0x00007ff8cddc5eab:   04 f3 90 eb f4 48 8d 53 08 48 8b cf e8 aa f5 f5
  0x00007ff8cddc5ebb:   ff 90 b8 ff ff ff ff f0 0f c1 03 48 8b c7 48 8b
  0x00007ff8cddc5ecb:   5c 24 50 48 83 c4 30 5f c3 cc cc cc cc cc cc cc
  0x00007ff8cddc5edb:   cc cc cc cc cc cc cc cc cc cc cc cc cc cc cc cc


Stack slot to memory mapping:

stack at sp + 0 slots: 0x00000005965fe4e8 is pointing into the stack for thread: 0x000001fae259a930
stack at sp + 1 slots: 0x000001fac1624918 points into unknown readable memory: 0x000000008c501ed8 | d8 1e 50 8c 00 00 00 00
stack at sp + 2 slots: 0x0 is null
stack at sp + 3 slots: 0x00000000000006d0 is an unknown value
stack at sp + 4 slots: 0x000001fac7077370 points into unknown readable memory: 0x0000823c00001848 | 48 18 00 00 3c 82 00 00
stack at sp + 5 slots: 0x00007ff8cddc61ab libasyncProfiler.dll
stack at sp + 6 slots: 0x0 is null
stack at sp + 7 slots: 0x000001fae259acf8 points into unknown readable memory: 0x00007ff8ba1417b0 | b0 17 14 ba f8 7f 00 00

Lock stack of current Java thread (top to bottom):


---------------  P R O C E S S  ---------------

Threads class SMR info:
_java_thread_list=0x000001fac703a3f0, length=15, elements={
0x000001fae259a930, 0x000001fae2722d00, 0x000001fae2727450, 0x000001fae2729ba0,
0x000001fae272ae70, 0x000001fae272b9a0, 0x000001fae272c600, 0x000001fae272d260,
0x000001fac1198d40, 0x000001fac125e790, 0x000001fac12c6450, 0x000001fac162fe20,
0x000001fac6fa0860, 0x000001fac7009990, 0x000001fac706e3d0
}

Java Threads: ( => current thread )
=>0x000001fae259a930 JavaThread "main"                              [_thread_in_native, id=36148, stack(0x0000000596500000,0x0000000596600000) (1024K)]
  0x000001fae2722d00 JavaThread "Reference Handler"          daemon [_thread_blocked, id=13644, stack(0x0000000596d00000,0x0000000596e00000) (1024K)]
  0x000001fae2727450 JavaThread "Finalizer"                  daemon [_thread_blocked, id=30684, stack(0x0000000596e00000,0x0000000596f00000) (1024K)]
  0x000001fae2729ba0 JavaThread "Signal Dispatcher"          daemon [_thread_blocked, id=12504, stack(0x0000000596f00000,0x0000000597000000) (1024K)]
  0x000001fae272ae70 JavaThread "Attach Listener"            daemon [_thread_blocked, id=36960, stack(0x0000000597000000,0x0000000597100000) (1024K)]
  0x000001fae272b9a0 JavaThread "Service Thread"             daemon [_thread_blocked, id=37904, stack(0x0000000597100000,0x0000000597200000) (1024K)]
  0x000001fae272c600 JavaThread "Monitor Deflation Thread"   daemon [_thread_blocked, id=34476, stack(0x0000000597200000,0x0000000597300000) (1024K)]
  0x000001fae272d260 JavaThread "C1 CompilerThread0"         daemon [_thread_blocked, id=34920, stack(0x0000000597300000,0x0000000597400000) (1024K)]
  0x000001fac1198d40 JavaThread "C1 CompilerThread1"         daemon [_thread_blocked, id=37428, stack(0x0000000597400000,0x0000000597500000) (1024K)]
  0x000001fac125e790 JavaThread "C1 CompilerThread2"         daemon [_thread_blocked, id=33048, stack(0x0000000597500000,0x0000000597600000) (1024K)]
  0x000001fac12c6450 JavaThread "Common-Cleaner"             daemon [_thread_blocked, id=26884, stack(0x0000000597900000,0x0000000597a00000) (1024K)]
  0x000001fac162fe20 JavaThread "Monitor Ctrl-Break"         daemon [_thread_in_native, id=17924, stack(0x0000000597600000,0x0000000597700000) (1024K)]
  0x000001fac6fa0860 JavaThread "JFR Recorder Thread"        daemon [_thread_in_native, id=1736, stack(0x0000000597700000,0x0000000597800000) (1024K)]
  0x000001fac7009990 JavaThread "C1 CompilerThread3"         daemon [_thread_blocked, id=27464, stack(0x0000000597800000,0x0000000597900000) (1024K)]
  0x000001fac706e3d0 JavaThread "JFR Periodic Tasks"         daemon [_thread_blocked, id=38064, stack(0x0000000597a00000,0x0000000597b00000) (1024K)]
Total: 15

Other Threads:
  0x000001fae2711b10 VMThread "VM Thread"                           [id=34680, stack(0x0000000596c00000,0x0000000596d00000) (1024K)]
  0x000001fae26fa280 WatcherThread "VM Periodic Task Thread"        [id=30500, stack(0x0000000596b00000,0x0000000596c00000) (1024K)]
  0x000001fae25f2490 WorkerThread "GC Thread#0"                     [id=38044, stack(0x0000000596600000,0x0000000596700000) (1024K)]
  0x000001fae2607970 ConcurrentGCThread "G1 Main Marker"            [id=36000, stack(0x0000000596700000,0x0000000596800000) (1024K)]
  0x000001fae2608390 WorkerThread "G1 Conc#0"                       [id=36876, stack(0x0000000596800000,0x0000000596900000) (1024K)]
  0x000001fae26dc430 ConcurrentGCThread "G1 Refine#0"               [id=38368, stack(0x0000000596900000,0x0000000596a00000) (1024K)]
  0x000001fae26ddd70 ConcurrentGCThread "G1 Service"                [id=22052, stack(0x0000000596a00000,0x0000000596b00000) (1024K)]
Total: 7

Threads with active compile tasks:
Total: 0

VM state: not at safepoint (normal execution)

VM Mutex/Monitor currently owned by a thread: None

Heap address: 0x0000000084a00000, size: 1974 MB, Compressed Oops mode: 32-bit

CDS archive(s) mapped at: [0x000001fa80000000-0x000001fa80d40000-0x000001fa80d40000), size 13893632, SharedBaseAddress: 0x000001fa80000000, ArchiveRelocationMode: 1.
Compressed class space mapped at: 0x000001fa81000000-0x000001fac1000000, reserved size: 1073741824
UseCompressedClassPointers 1, UseCompactObjectHeaders 0
Narrow klass pointer bits 32, Max shift 3
Narrow klass base: 0x000001fa80000000, Narrow klass shift: 0
Encoding Range: [0x000001fa80000000 - 0x000001fb80000000), (4294967296 bytes)
Klass Range:    [0x000001fa80000000 - 0x000001fac1000000), (1090519040 bytes)
Klass ID Range:  [8 - 1090519033) (1090519025)

GC Precious Log:
 CardTable entry size: 512
 Card Set container configuration: InlinePtr #cards 5 size 8 Array Of Cards #cards 10 size 36 Howl #buckets 4 coarsen threshold 1843 Howl Bitmap #cards 512 size 80 coarsen threshold 460 Card regions per heap region 1 cards per card region 2048
 CPUs: 16 total, 16 available
 Memory: 7895M
 Large Page Support: Disabled
 NUMA Support: Disabled
 Compressed Oops: Enabled (32-bit)
 Heap Region Size: 1M
 Heap Min Capacity: 8M
 Heap Initial Capacity: 124M
 Heap Max Capacity: 1974M
 Pre-touch: Disabled
 Parallel Workers: 13
 Concurrent Workers: 3
 Concurrent Refinement Workers: 13
 Periodic GC: Disabled

Heap:
 garbage-first heap   total reserved 2021376K, committed 129024K, used 28784K [0x0000000084a00000, 0x0000000100000000)
  region size 1024K, 25 young (25600K), 0 survivors (0K)
 Metaspace       used 3041K, committed 3200K, reserved 1114112K
  class space    used 333K, committed 384K, reserved 1048576K

Heap Regions: E=young(eden), S=young(survivor), O=old, HS=humongous(starts), HC=humongous(continues), CS=collection set, F=free, TAMS=top-at-mark-start, PB=parsable bottom
|   0|0x0000000084a00000, 0x0000000084b00000, 0x0000000084b00000|100%|HS|  |TAMS 0x0000000084a00000| PB 0x0000000084a00000| Complete |  0
|   1|0x0000000084b00000, 0x0000000084c00000, 0x0000000084c00000|100%|HS|  |TAMS 0x0000000084b00000| PB 0x0000000084b00000| Complete |  0
|   2|0x0000000084c00000, 0x0000000084d00000, 0x0000000084d00000|100%|HS|  |TAMS 0x0000000084c00000| PB 0x0000000084c00000| Complete |  0
|   3|0x0000000084d00000, 0x0000000084e00000, 0x0000000084e00000|100%|HS|  |TAMS 0x0000000084d00000| PB 0x0000000084d00000| Complete |  0
|   4|0x0000000084e00000, 0x0000000084e00000, 0x0000000084f00000|  0%| F|  |TAMS 0x0000000084e00000| PB 0x0000000084e00000| Untracked |  0
|   5|0x0000000084f00000, 0x0000000084f00000, 0x0000000085000000|  0%| F|  |TAMS 0x0000000084f00000| PB 0x0000000084f00000| Untracked |  0
|   6|0x0000000085000000, 0x0000000085000000, 0x0000000085100000|  0%| F|  |TAMS 0x0000000085000000| PB 0x0000000085000000| Untracked |  0
|   7|0x0000000085100000, 0x0000000085100000, 0x0000000085200000|  0%| F|  |TAMS 0x0000000085100000| PB 0x0000000085100000| Untracked |  0
|   8|0x0000000085200000, 0x0000000085200000, 0x0000000085300000|  0%| F|  |TAMS 0x0000000085200000| PB 0x0000000085200000| Untracked |  0
|   9|0x0000000085300000, 0x0000000085300000, 0x0000000085400000|  0%| F|  |TAMS 0x0000000085300000| PB 0x0000000085300000| Untracked |  0
|  10|0x0000000085400000, 0x0000000085400000, 0x0000000085500000|  0%| F|  |TAMS 0x0000000085400000| PB 0x0000000085400000| Untracked |  0
|  11|0x0000000085500000, 0x0000000085500000, 0x0000000085600000|  0%| F|  |TAMS 0x0000000085500000| PB 0x0000000085500000| Untracked |  0
|  12|0x0000000085600000, 0x0000000085600000, 0x0000000085700000|  0%| F|  |TAMS 0x0000000085600000| PB 0x0000000085600000| Untracked |  0
|  13|0x0000000085700000, 0x0000000085700000, 0x0000000085800000|  0%| F|  |TAMS 0x0000000085700000| PB 0x0000000085700000| Untracked |  0
|  14|0x0000000085800000, 0x0000000085800000, 0x0000000085900000|  0%| F|  |TAMS 0x0000000085800000| PB 0x0000000085800000| Untracked |  0
|  15|0x0000000085900000, 0x0000000085900000, 0x0000000085a00000|  0%| F|  |TAMS 0x0000000085900000| PB 0x0000000085900000| Untracked |  0
|  16|0x0000000085a00000, 0x0000000085a00000, 0x0000000085b00000|  0%| F|  |TAMS 0x0000000085a00000| PB 0x0000000085a00000| Untracked |  0
|  17|0x0000000085b00000, 0x0000000085b00000, 0x0000000085c00000|  0%| F|  |TAMS 0x0000000085b00000| PB 0x0000000085b00000| Untracked |  0
|  18|0x0000000085c00000, 0x0000000085c00000, 0x0000000085d00000|  0%| F|  |TAMS 0x0000000085c00000| PB 0x0000000085c00000| Untracked |  0
|  19|0x0000000085d00000, 0x0000000085d00000, 0x0000000085e00000|  0%| F|  |TAMS 0x0000000085d00000| PB 0x0000000085d00000| Untracked |  0
|  20|0x0000000085e00000, 0x0000000085e00000, 0x0000000085f00000|  0%| F|  |TAMS 0x0000000085e00000| PB 0x0000000085e00000| Untracked |  0
|  21|0x0000000085f00000, 0x0000000085f00000, 0x0000000086000000|  0%| F|  |TAMS 0x0000000085f00000| PB 0x0000000085f00000| Untracked |  0
|  22|0x0000000086000000, 0x0000000086000000, 0x0000000086100000|  0%| F|  |TAMS 0x0000000086000000| PB 0x0000000086000000| Untracked |  0
|  23|0x0000000086100000, 0x0000000086100000, 0x0000000086200000|  0%| F|  |TAMS 0x0000000086100000| PB 0x0000000086100000| Untracked |  0
|  24|0x0000000086200000, 0x0000000086200000, 0x0000000086300000|  0%| F|  |TAMS 0x0000000086200000| PB 0x0000000086200000| Untracked |  0
|  25|0x0000000086300000, 0x0000000086300000, 0x0000000086400000|  0%| F|  |TAMS 0x0000000086300000| PB 0x0000000086300000| Untracked |  0
|  26|0x0000000086400000, 0x0000000086400000, 0x0000000086500000|  0%| F|  |TAMS 0x0000000086400000| PB 0x0000000086400000| Untracked |  0
|  27|0x0000000086500000, 0x0000000086500000, 0x0000000086600000|  0%| F|  |TAMS 0x0000000086500000| PB 0x0000000086500000| Untracked |  0
|  28|0x0000000086600000, 0x0000000086600000, 0x0000000086700000|  0%| F|  |TAMS 0x0000000086600000| PB 0x0000000086600000| Untracked |  0
|  29|0x0000000086700000, 0x0000000086700000, 0x0000000086800000|  0%| F|  |TAMS 0x0000000086700000| PB 0x0000000086700000| Untracked |  0
|  30|0x0000000086800000, 0x0000000086800000, 0x0000000086900000|  0%| F|  |TAMS 0x0000000086800000| PB 0x0000000086800000| Untracked |  0
|  31|0x0000000086900000, 0x0000000086900000, 0x0000000086a00000|  0%| F|  |TAMS 0x0000000086900000| PB 0x0000000086900000| Untracked |  0
|  32|0x0000000086a00000, 0x0000000086a00000, 0x0000000086b00000|  0%| F|  |TAMS 0x0000000086a00000| PB 0x0000000086a00000| Untracked |  0
|  33|0x0000000086b00000, 0x0000000086b00000, 0x0000000086c00000|  0%| F|  |TAMS 0x0000000086b00000| PB 0x0000000086b00000| Untracked |  0
|  34|0x0000000086c00000, 0x0000000086c00000, 0x0000000086d00000|  0%| F|  |TAMS 0x0000000086c00000| PB 0x0000000086c00000| Untracked |  0
|  35|0x0000000086d00000, 0x0000000086d00000, 0x0000000086e00000|  0%| F|  |TAMS 0x0000000086d00000| PB 0x0000000086d00000| Untracked |  0
|  36|0x0000000086e00000, 0x0000000086e00000, 0x0000000086f00000|  0%| F|  |TAMS 0x0000000086e00000| PB 0x0000000086e00000| Untracked |  0
|  37|0x0000000086f00000, 0x0000000086f00000, 0x0000000087000000|  0%| F|  |TAMS 0x0000000086f00000| PB 0x0000000086f00000| Untracked |  0
|  38|0x0000000087000000, 0x0000000087000000, 0x0000000087100000|  0%| F|  |TAMS 0x0000000087000000| PB 0x0000000087000000| Untracked |  0
|  39|0x0000000087100000, 0x0000000087100000, 0x0000000087200000|  0%| F|  |TAMS 0x0000000087100000| PB 0x0000000087100000| Untracked |  0
|  40|0x0000000087200000, 0x0000000087200000, 0x0000000087300000|  0%| F|  |TAMS 0x0000000087200000| PB 0x0000000087200000| Untracked |  0
|  41|0x0000000087300000, 0x0000000087300000, 0x0000000087400000|  0%| F|  |TAMS 0x0000000087300000| PB 0x0000000087300000| Untracked |  0
|  42|0x0000000087400000, 0x0000000087400000, 0x0000000087500000|  0%| F|  |TAMS 0x0000000087400000| PB 0x0000000087400000| Untracked |  0
|  43|0x0000000087500000, 0x0000000087500000, 0x0000000087600000|  0%| F|  |TAMS 0x0000000087500000| PB 0x0000000087500000| Untracked |  0
|  44|0x0000000087600000, 0x0000000087600000, 0x0000000087700000|  0%| F|  |TAMS 0x0000000087600000| PB 0x0000000087600000| Untracked |  0
|  45|0x0000000087700000, 0x0000000087700000, 0x0000000087800000|  0%| F|  |TAMS 0x0000000087700000| PB 0x0000000087700000| Untracked |  0
|  46|0x0000000087800000, 0x0000000087800000, 0x0000000087900000|  0%| F|  |TAMS 0x0000000087800000| PB 0x0000000087800000| Untracked |  0
|  47|0x0000000087900000, 0x0000000087900000, 0x0000000087a00000|  0%| F|  |TAMS 0x0000000087900000| PB 0x0000000087900000| Untracked |  0
|  48|0x0000000087a00000, 0x0000000087a00000, 0x0000000087b00000|  0%| F|  |TAMS 0x0000000087a00000| PB 0x0000000087a00000| Untracked |  0
|  49|0x0000000087b00000, 0x0000000087b00000, 0x0000000087c00000|  0%| F|  |TAMS 0x0000000087b00000| PB 0x0000000087b00000| Untracked |  0
|  50|0x0000000087c00000, 0x0000000087c00000, 0x0000000087d00000|  0%| F|  |TAMS 0x0000000087c00000| PB 0x0000000087c00000| Untracked |  0
|  51|0x0000000087d00000, 0x0000000087d00000, 0x0000000087e00000|  0%| F|  |TAMS 0x0000000087d00000| PB 0x0000000087d00000| Untracked |  0
|  52|0x0000000087e00000, 0x0000000087e00000, 0x0000000087f00000|  0%| F|  |TAMS 0x0000000087e00000| PB 0x0000000087e00000| Untracked |  0
|  53|0x0000000087f00000, 0x0000000087f00000, 0x0000000088000000|  0%| F|  |TAMS 0x0000000087f00000| PB 0x0000000087f00000| Untracked |  0
|  54|0x0000000088000000, 0x0000000088000000, 0x0000000088100000|  0%| F|  |TAMS 0x0000000088000000| PB 0x0000000088000000| Untracked |  0
|  55|0x0000000088100000, 0x0000000088100000, 0x0000000088200000|  0%| F|  |TAMS 0x0000000088100000| PB 0x0000000088100000| Untracked |  0
|  56|0x0000000088200000, 0x0000000088200000, 0x0000000088300000|  0%| F|  |TAMS 0x0000000088200000| PB 0x0000000088200000| Untracked |  0
|  57|0x0000000088300000, 0x0000000088300000, 0x0000000088400000|  0%| F|  |TAMS 0x0000000088300000| PB 0x0000000088300000| Untracked |  0
|  58|0x0000000088400000, 0x0000000088400000, 0x0000000088500000|  0%| F|  |TAMS 0x0000000088400000| PB 0x0000000088400000| Untracked |  0
|  59|0x0000000088500000, 0x0000000088500000, 0x0000000088600000|  0%| F|  |TAMS 0x0000000088500000| PB 0x0000000088500000| Untracked |  0
|  60|0x0000000088600000, 0x0000000088600000, 0x0000000088700000|  0%| F|  |TAMS 0x0000000088600000| PB 0x0000000088600000| Untracked |  0
|  61|0x0000000088700000, 0x0000000088700000, 0x0000000088800000|  0%| F|  |TAMS 0x0000000088700000| PB 0x0000000088700000| Untracked |  0
|  62|0x0000000088800000, 0x0000000088800000, 0x0000000088900000|  0%| F|  |TAMS 0x0000000088800000| PB 0x0000000088800000| Untracked |  0
|  63|0x0000000088900000, 0x0000000088900000, 0x0000000088a00000|  0%| F|  |TAMS 0x0000000088900000| PB 0x0000000088900000| Untracked |  0
|  64|0x0000000088a00000, 0x0000000088a00000, 0x0000000088b00000|  0%| F|  |TAMS 0x0000000088a00000| PB 0x0000000088a00000| Untracked |  0
|  65|0x0000000088b00000, 0x0000000088b00000, 0x0000000088c00000|  0%| F|  |TAMS 0x0000000088b00000| PB 0x0000000088b00000| Untracked |  0
|  66|0x0000000088c00000, 0x0000000088c00000, 0x0000000088d00000|  0%| F|  |TAMS 0x0000000088c00000| PB 0x0000000088c00000| Untracked |  0
|  67|0x0000000088d00000, 0x0000000088d00000, 0x0000000088e00000|  0%| F|  |TAMS 0x0000000088d00000| PB 0x0000000088d00000| Untracked |  0
|  68|0x0000000088e00000, 0x0000000088e00000, 0x0000000088f00000|  0%| F|  |TAMS 0x0000000088e00000| PB 0x0000000088e00000| Untracked |  0
|  69|0x0000000088f00000, 0x0000000088f00000, 0x0000000089000000|  0%| F|  |TAMS 0x0000000088f00000| PB 0x0000000088f00000| Untracked |  0
|  70|0x0000000089000000, 0x0000000089000000, 0x0000000089100000|  0%| F|  |TAMS 0x0000000089000000| PB 0x0000000089000000| Untracked |  0
|  71|0x0000000089100000, 0x0000000089100000, 0x0000000089200000|  0%| F|  |TAMS 0x0000000089100000| PB 0x0000000089100000| Untracked |  0
|  72|0x0000000089200000, 0x0000000089200000, 0x0000000089300000|  0%| F|  |TAMS 0x0000000089200000| PB 0x0000000089200000| Untracked |  0
|  73|0x0000000089300000, 0x0000000089300000, 0x0000000089400000|  0%| F|  |TAMS 0x0000000089300000| PB 0x0000000089300000| Untracked |  0
|  74|0x0000000089400000, 0x0000000089400000, 0x0000000089500000|  0%| F|  |TAMS 0x0000000089400000| PB 0x0000000089400000| Untracked |  0
|  75|0x0000000089500000, 0x0000000089500000, 0x0000000089600000|  0%| F|  |TAMS 0x0000000089500000| PB 0x0000000089500000| Untracked |  0
|  76|0x0000000089600000, 0x0000000089600000, 0x0000000089700000|  0%| F|  |TAMS 0x0000000089600000| PB 0x0000000089600000| Untracked |  0
|  77|0x0000000089700000, 0x0000000089700000, 0x0000000089800000|  0%| F|  |TAMS 0x0000000089700000| PB 0x0000000089700000| Untracked |  0
|  78|0x0000000089800000, 0x0000000089800000, 0x0000000089900000|  0%| F|  |TAMS 0x0000000089800000| PB 0x0000000089800000| Untracked |  0
|  79|0x0000000089900000, 0x0000000089900000, 0x0000000089a00000|  0%| F|  |TAMS 0x0000000089900000| PB 0x0000000089900000| Untracked |  0
|  80|0x0000000089a00000, 0x0000000089a00000, 0x0000000089b00000|  0%| F|  |TAMS 0x0000000089a00000| PB 0x0000000089a00000| Untracked |  0
|  81|0x0000000089b00000, 0x0000000089b00000, 0x0000000089c00000|  0%| F|  |TAMS 0x0000000089b00000| PB 0x0000000089b00000| Untracked |  0
|  82|0x0000000089c00000, 0x0000000089c00000, 0x0000000089d00000|  0%| F|  |TAMS 0x0000000089c00000| PB 0x0000000089c00000| Untracked |  0
|  83|0x0000000089d00000, 0x0000000089d00000, 0x0000000089e00000|  0%| F|  |TAMS 0x0000000089d00000| PB 0x0000000089d00000| Untracked |  0
|  84|0x0000000089e00000, 0x0000000089e00000, 0x0000000089f00000|  0%| F|  |TAMS 0x0000000089e00000| PB 0x0000000089e00000| Untracked |  0
|  85|0x0000000089f00000, 0x0000000089f00000, 0x000000008a000000|  0%| F|  |TAMS 0x0000000089f00000| PB 0x0000000089f00000| Untracked |  0
|  86|0x000000008a000000, 0x000000008a000000, 0x000000008a100000|  0%| F|  |TAMS 0x000000008a000000| PB 0x000000008a000000| Untracked |  0
|  87|0x000000008a100000, 0x000000008a100000, 0x000000008a200000|  0%| F|  |TAMS 0x000000008a100000| PB 0x000000008a100000| Untracked |  0
|  88|0x000000008a200000, 0x000000008a200000, 0x000000008a300000|  0%| F|  |TAMS 0x000000008a200000| PB 0x000000008a200000| Untracked |  0
|  89|0x000000008a300000, 0x000000008a300000, 0x000000008a400000|  0%| F|  |TAMS 0x000000008a300000| PB 0x000000008a300000| Untracked |  0
|  90|0x000000008a400000, 0x000000008a400000, 0x000000008a500000|  0%| F|  |TAMS 0x000000008a400000| PB 0x000000008a400000| Untracked |  0
|  91|0x000000008a500000, 0x000000008a500000, 0x000000008a600000|  0%| F|  |TAMS 0x000000008a500000| PB 0x000000008a500000| Untracked |  0
|  92|0x000000008a600000, 0x000000008a600000, 0x000000008a700000|  0%| F|  |TAMS 0x000000008a600000| PB 0x000000008a600000| Untracked |  0
|  93|0x000000008a700000, 0x000000008a700000, 0x000000008a800000|  0%| F|  |TAMS 0x000000008a700000| PB 0x000000008a700000| Untracked |  0
|  94|0x000000008a800000, 0x000000008a800000, 0x000000008a900000|  0%| F|  |TAMS 0x000000008a800000| PB 0x000000008a800000| Untracked |  0
|  95|0x000000008a900000, 0x000000008a900000, 0x000000008aa00000|  0%| F|  |TAMS 0x000000008a900000| PB 0x000000008a900000| Untracked |  0
|  96|0x000000008aa00000, 0x000000008aa00000, 0x000000008ab00000|  0%| F|  |TAMS 0x000000008aa00000| PB 0x000000008aa00000| Untracked |  0
|  97|0x000000008ab00000, 0x000000008ab00000, 0x000000008ac00000|  0%| F|  |TAMS 0x000000008ab00000| PB 0x000000008ab00000| Untracked |  0
|  98|0x000000008ac00000, 0x000000008ac00000, 0x000000008ad00000|  0%| F|  |TAMS 0x000000008ac00000| PB 0x000000008ac00000| Untracked |  0
|  99|0x000000008ad00000, 0x000000008ad80000, 0x000000008ae00000| 50%| E|  |TAMS 0x000000008ad00000| PB 0x000000008ad00000| Complete |  0
| 100|0x000000008ae00000, 0x000000008af00000, 0x000000008af00000|100%| E|CS|TAMS 0x000000008ae00000| PB 0x000000008ae00000| Complete |  0
| 101|0x000000008af00000, 0x000000008b000000, 0x000000008b000000|100%| E|CS|TAMS 0x000000008af00000| PB 0x000000008af00000| Complete |  0
| 102|0x000000008b000000, 0x000000008b100000, 0x000000008b100000|100%| E|CS|TAMS 0x000000008b000000| PB 0x000000008b000000| Complete |  0
| 103|0x000000008b100000, 0x000000008b200000, 0x000000008b200000|100%| E|CS|TAMS 0x000000008b100000| PB 0x000000008b100000| Complete |  0
| 104|0x000000008b200000, 0x000000008b300000, 0x000000008b300000|100%| E|CS|TAMS 0x000000008b200000| PB 0x000000008b200000| Complete |  0
| 105|0x000000008b300000, 0x000000008b400000, 0x000000008b400000|100%| E|CS|TAMS 0x000000008b300000| PB 0x000000008b300000| Complete |  0
| 106|0x000000008b400000, 0x000000008b500000, 0x000000008b500000|100%| E|CS|TAMS 0x000000008b400000| PB 0x000000008b400000| Complete |  0
| 107|0x000000008b500000, 0x000000008b600000, 0x000000008b600000|100%| E|CS|TAMS 0x000000008b500000| PB 0x000000008b500000| Complete |  0
| 108|0x000000008b600000, 0x000000008b700000, 0x000000008b700000|100%| E|CS|TAMS 0x000000008b600000| PB 0x000000008b600000| Complete |  0
| 109|0x000000008b700000, 0x000000008b800000, 0x000000008b800000|100%| E|CS|TAMS 0x000000008b700000| PB 0x000000008b700000| Complete |  0
| 110|0x000000008b800000, 0x000000008b900000, 0x000000008b900000|100%| E|CS|TAMS 0x000000008b800000| PB 0x000000008b800000| Complete |  0
| 111|0x000000008b900000, 0x000000008ba00000, 0x000000008ba00000|100%| E|CS|TAMS 0x000000008b900000| PB 0x000000008b900000| Complete |  0
| 112|0x000000008ba00000, 0x000000008bb00000, 0x000000008bb00000|100%| E|CS|TAMS 0x000000008ba00000| PB 0x000000008ba00000| Complete |  0
| 113|0x000000008bb00000, 0x000000008bc00000, 0x000000008bc00000|100%| E|CS|TAMS 0x000000008bb00000| PB 0x000000008bb00000| Complete |  0
| 114|0x000000008bc00000, 0x000000008bd00000, 0x000000008bd00000|100%| E|CS|TAMS 0x000000008bc00000| PB 0x000000008bc00000| Complete |  0
| 115|0x000000008bd00000, 0x000000008be00000, 0x000000008be00000|100%| E|CS|TAMS 0x000000008bd00000| PB 0x000000008bd00000| Complete |  0
| 116|0x000000008be00000, 0x000000008bf00000, 0x000000008bf00000|100%| E|CS|TAMS 0x000000008be00000| PB 0x000000008be00000| Complete |  0
| 117|0x000000008bf00000, 0x000000008c000000, 0x000000008c000000|100%| E|CS|TAMS 0x000000008bf00000| PB 0x000000008bf00000| Complete |  0
| 118|0x000000008c000000, 0x000000008c100000, 0x000000008c100000|100%| E|CS|TAMS 0x000000008c000000| PB 0x000000008c000000| Complete |  0
| 119|0x000000008c100000, 0x000000008c200000, 0x000000008c200000|100%| E|CS|TAMS 0x000000008c100000| PB 0x000000008c100000| Complete |  0
| 120|0x000000008c200000, 0x000000008c300000, 0x000000008c300000|100%| E|  |TAMS 0x000000008c200000| PB 0x000000008c200000| Complete |  0
| 121|0x000000008c300000, 0x000000008c400000, 0x000000008c400000|100%| E|CS|TAMS 0x000000008c300000| PB 0x000000008c300000| Complete |  0
| 122|0x000000008c400000, 0x000000008c500000, 0x000000008c500000|100%| E|CS|TAMS 0x000000008c400000| PB 0x000000008c400000| Complete |  0
| 123|0x000000008c500000, 0x000000008c600000, 0x000000008c600000|100%| E|CS|TAMS 0x000000008c500000| PB 0x000000008c500000| Complete |  0
|1972|0x00000000ffe00000, 0x00000000fff00000, 0x00000000fff00000|100%| O|  |TAMS 0x00000000ffe00000| PB 0x00000000ffe00000| Untracked |  0
|1973|0x00000000fff00000, 0x00000000fff1c288, 0x0000000100000000| 10%| O|  |TAMS 0x00000000fff00000| PB 0x00000000fff00000| Untracked |  0

Card table byte_map: [0x000001faefa30000,0x000001faefe10000] _byte_map_base: 0x000001faef60b000

Marking Bits: (CMBitMap*) 0x000001fae25f2ab0
 Bits: [0x000001faefe10000, 0x000001faf1ce8000)

Polling page: 0x000001fae0560000

Metaspace:

Usage:
  Non-class:      2.64 MB used.
      Class:    333.16 KB used.
       Both:      2.97 MB used.

Virtual space:
  Non-class space:       64.00 MB reserved,       2.75 MB (  4%) committed,  1 nodes.
      Class space:        1.00 GB reserved,     384.00 KB ( <1%) committed,  1 nodes.
             Both:        1.06 GB reserved,       3.12 MB ( <1%) committed. 

Chunk freelists:
   Non-Class:  11.91 MB
       Class:  15.58 MB
        Both:  27.50 MB

MaxMetaspaceSize: unlimited
CompressedClassSpaceSize: 1.00 GB
Initial GC threshold: 21.00 MB
Current GC threshold: 21.00 MB
CDS: on
 - commit_granule_bytes: 65536.
 - commit_granule_words: 8192.
 - virtual_space_node_default_size: 8388608.
 - enlarge_chunks_in_place: 1.
UseCompressedClassPointers 1, UseCompactObjectHeaders 0
Narrow klass pointer bits 32, Max shift 3
Narrow klass base: 0x000001fa80000000, Narrow klass shift: 0
Encoding Range: [0x000001fa80000000 - 0x000001fb80000000), (4294967296 bytes)
Klass Range:    [0x000001fa80000000 - 0x000001fac1000000), (1090519040 bytes)
Klass ID Range:  [8 - 1090519033) (1090519025)


Internal statistics:

num_allocs_failed_limit: 0.
num_arena_births: 74.
num_arena_deaths: 0.
num_vsnodes_births: 2.
num_vsnodes_deaths: 0.
num_space_committed: 50.
num_space_uncommitted: 0.
num_chunks_returned_to_freelist: 0.
num_chunks_taken_from_freelist: 82.
num_chunk_merges: 0.
num_chunk_splits: 57.
num_chunks_enlarged: 35.
num_inconsistent_stats: 0.

CodeCache: size=49152Kb used=4403Kb max_used=4403Kb free=44748Kb
 bounds [0x000001faebaa0000, 0x000001faebef0000, 0x000001faeeaa0000]
 total_blobs=1841, nmethods=1405, adapters=359, full_count=0
Compilation: enabled, stopped_count=0, restarted_count=0

Compilation events (20 events):
Event: 3.460 Thread 0x000001fac1198d40 nmethod 1394 0x000001faebee9788 code [0x000001faebee9880, 0x000001faebee9948]
Event: 3.460 Thread 0x000001fac125e790 nmethod 1396 0x000001faebee9a88 code [0x000001faebee9bc0, 0x000001faebee9dd0]
Event: 3.460 Thread 0x000001fac1198d40 1399       1       java.lang.Math::max (12 bytes)
Event: 3.460 Thread 0x000001fac1198d40 nmethod 1399 0x000001faebee9e08 code [0x000001faebee9f00, 0x000001faebee9fb8]
Event: 3.460 Thread 0x000001fae272d260 nmethod 1398 0x000001faebeea108 code [0x000001faebeea2c0, 0x000001faebeeaa48]
Event: 3.460 Thread 0x000001fac7009990 nmethod 1395 0x000001faebeeaa88 code [0x000001faebeeac80, 0x000001faebeeb328]
Event: 3.463 Thread 0x000001fac125e790 1400       1       jdk.jfr.internal.periodic.EventTask::getEventType (5 bytes)
Event: 3.463 Thread 0x000001fac125e790 nmethod 1400 0x000001faebeeb408 code [0x000001faebeeb500, 0x000001faebeeb5c8]
Event: 3.463 Thread 0x000001fac125e790 1401       1       jdk.jfr.internal.periodic.PeriodicTask::getPeriod (5 bytes)
Event: 3.463 Thread 0x000001fae272d260 1402       1       java.util.Comparator$$Lambda/0x000001fa81073ca8::compare (10 bytes)
Event: 3.463 Thread 0x000001fac1198d40 1403       1       java.util.Comparator::lambda$comparingLong$6043328a$1 (18 bytes)
Event: 3.463 Thread 0x000001fac125e790 nmethod 1401 0x000001faebeeb708 code [0x000001faebeeb800, 0x000001faebeeb8c8]
Event: 3.464 Thread 0x000001fac125e790 1404       1       jdk.internal.classfile.impl.DirectCodeBuilder::processDeferredLabels (109 bytes)
Event: 3.464 Thread 0x000001fac1198d40 nmethod 1403 0x000001faebeeba08 code [0x000001faebeebb40, 0x000001faebeebd00]
Event: 3.464 Thread 0x000001fae272d260 nmethod 1402 0x000001faebeebd88 code [0x000001faebeebec0, 0x000001faebeec0b8]
Event: 3.464 Thread 0x000001fac1198d40 1405       1       jdk.internal.classfile.impl.DirectClassBuilder::withMethod (54 bytes)
Event: 3.464 Thread 0x000001fac7009990 1406       1       jdk.internal.classfile.impl.BufWriterImpl::grow (33 bytes)
Event: 3.464 Thread 0x000001fac1198d40 nmethod 1405 0x000001faebeec108 code [0x000001faebeec240, 0x000001faebeec538]
Event: 3.464 Thread 0x000001fac125e790 nmethod 1404 0x000001faebeec588 code [0x000001faebeec6e0, 0x000001faebeeca10]
Event: 3.464 Thread 0x000001fac7009990 nmethod 1406 0x000001faebeeca88 code [0x000001faebeecbc0, 0x000001faebeecf40]

GC Heap History (0 events):
No events

Dll operation events (9 events):
Event: 0.212 Loaded shared library C:\Users\Nitro\.jdks\openjdk-24.0.1\bin\java.dll
Event: 0.431 Loaded shared library C:\Users\Nitro\.jdks\openjdk-24.0.1\bin\zip.dll
Event: 0.437 Loaded shared library C:\Users\Nitro\.jdks\openjdk-24.0.1\bin\instrument.dll
Event: 0.443 Loaded shared library C:\Users\Nitro\.jdks\openjdk-24.0.1\bin\net.dll
Event: 0.445 Loaded shared library C:\Users\Nitro\.jdks\openjdk-24.0.1\bin\nio.dll
Event: 0.450 Loaded shared library C:\Users\Nitro\.jdks\openjdk-24.0.1\bin\zip.dll
Event: 2.776 Loaded shared library C:\Program Files\JetBrains\IntelliJ IDEA 2024.1.1\bin\breakgen64.dll
Event: 2.824 Loaded shared library C:\Users\Nitro\.jdks\openjdk-24.0.1\bin\extnet.dll
Event: 3.083 Loaded shared library C:\Users\Nitro\.jdks\openjdk-24.0.1\bin\jimage.dll

Deoptimization events (0 events):
No events

Classes loaded (20 events):
Event: 3.437 Loading class java/util/Formatter$FormatSpecifierParser
Event: 3.437 Loading class java/util/Formatter$FormatSpecifierParser done
Event: 3.438 Loading class java/text/MessageFormat
Event: 3.440 Loading class java/text/MessageFormat done
Event: 3.441 Loading class java/text/MessageFormat$Field
Event: 3.441 Loading class java/text/MessageFormat$Field done
Event: 3.443 Loading class jdk/jfr/internal/consumer/StringParser$Encoding
Event: 3.443 Loading class jdk/jfr/internal/consumer/StringParser$Encoding done
Event: 3.453 Loading class jdk/jfr/internal/consumer/RepositoryFiles
Event: 3.453 Loading class jdk/jfr/internal/consumer/RepositoryFiles done
Event: 3.456 Loading class jdk/jfr/internal/SettingsManager$InternalSetting
Event: 3.456 Loading class jdk/jfr/internal/SettingsManager$InternalSetting done
Event: 3.457 Loading class jdk/jfr/internal/util/Rate
Event: 3.457 Loading class jdk/jfr/internal/util/Rate done
Event: 3.458 Loading class jdk/jfr/internal/util/TimespanUnit
Event: 3.458 Loading class jdk/jfr/internal/util/TimespanUnit done
Event: 3.458 Loading class jdk/jfr/internal/util/ValueParser
Event: 3.458 Loading class jdk/jfr/internal/util/ValueParser done
Event: 3.460 Loading class jdk/jfr/internal/periodic/PeriodicType
Event: 3.460 Loading class jdk/jfr/internal/periodic/PeriodicType done

Classes unloaded (0 events):
No events

Classes redefined (0 events):
No events

Internal exceptions (20 events):
Event: 2.751 Thread 0x000001fae259a930 Exception <a 'java/lang/NoSuchMethodError'{0x000000008bd3e6e0}: 'void java.lang.invoke.DirectMethodHandle$Holder.invokeStatic(java.lang.Object, java.lang.Object, java.lang.Object)'> (0x000000008bd3e6e0) 
thrown [s\open\src\hotspot\share\interpreter\linkResolver.cpp, line 805]
Event: 2.758 Thread 0x000001fae259a930 Exception <a 'java/lang/NoSuchMethodError'{0x000000008bd732a0}: 'java.lang.Object java.lang.invoke.Invokers$Holder.invokeExact_MT(java.lang.Object, java.lang.Object, java.lang.Object, java.lang.Object, java.lang.Object)'> (0x000000008bd732a0) 
thrown [s\open\src\hotspot\share\interpreter\linkResolver.cpp, line 805]
Event: 2.816 Thread 0x000001fae259a930 Exception <a 'java/lang/NoSuchMethodError'{0x000000008bd87820}: 'java.lang.Object java.lang.invoke.DirectMethodHandle$Holder.invokeStaticInit(java.lang.Object, java.lang.Object, java.lang.Object)'> (0x000000008bd87820) 
thrown [s\open\src\hotspot\share\interpreter\linkResolver.cpp, line 805]
Event: 2.820 Thread 0x000001fac162fe20 Exception <a 'java/lang/NoSuchMethodError'{0x000000008bc051d8}: 'java.lang.Object java.lang.invoke.DirectMethodHandle$Holder.invokeStaticInit(java.lang.Object)'> (0x000000008bc051d8) 
thrown [s\open\src\hotspot\share\interpreter\linkResolver.cpp, line 805]
Event: 2.829 Thread 0x000001fac162fe20 Exception <a 'java/lang/NoSuchMethodError'{0x000000008bc0fe08}: 'void java.lang.invoke.DirectMethodHandle$Holder.invokeStatic(java.lang.Object, java.lang.Object)'> (0x000000008bc0fe08) 
thrown [s\open\src\hotspot\share\interpreter\linkResolver.cpp, line 805]
Event: 3.122 Thread 0x000001fae259a930 Exception <a 'java/lang/NoSuchMethodError'{0x000000008ba7b1c0}: 'void java.lang.invoke.DirectMethodHandle$Holder.invokeStaticInit(java.lang.Object)'> (0x000000008ba7b1c0) 
thrown [s\open\src\hotspot\share\interpreter\linkResolver.cpp, line 805]
Event: 3.158 Thread 0x000001fae259a930 Exception <a 'java/lang/NoSuchMethodError'{0x000000008baec4d0}: 'void java.lang.invoke.DirectMethodHandle$Holder.invokeSpecial(java.lang.Object, java.lang.Object, java.lang.Object)'> (0x000000008baec4d0) 
thrown [s\open\src\hotspot\share\interpreter\linkResolver.cpp, line 805]
Event: 3.181 Thread 0x000001fae259a930 Exception <a 'java/lang/NoSuchMethodError'{0x000000008b953d60}: 'java.lang.Object java.lang.invoke.DirectMethodHandle$Holder.newInvokeSpecial(java.lang.Object, java.lang.Object, java.lang.Object, java.lang.Object, java.lang.Object)'> (0x000000008b953d60) 
thrown [s\open\src\hotspot\share\interpreter\linkResolver.cpp, line 805]
Event: 3.282 Thread 0x000001fae259a930 Exception <a 'java/lang/NoSuchMethodError'{0x000000008b8eb4d0}: 'long java.lang.invoke.DirectMethodHandle$Holder.invokeVirtual(java.lang.Object, java.lang.Object)'> (0x000000008b8eb4d0) 
thrown [s\open\src\hotspot\share\interpreter\linkResolver.cpp, line 805]
Event: 3.334 Thread 0x000001fae259a930 Exception <a 'java/lang/NoSuchMethodError'{0x000000008b5bfcf8}: 'int java.lang.invoke.DirectMethodHandle$Holder.invokeSpecial(java.lang.Object, java.lang.Object, java.lang.Object)'> (0x000000008b5bfcf8) 
thrown [s\open\src\hotspot\share\interpreter\linkResolver.cpp, line 805]
Event: 3.385 Thread 0x000001fae259a930 Exception <a 'java/lang/NoSuchMethodError'{0x000000008b211d48}: 'void java.lang.invoke.DirectMethodHandle$Holder.invokeSpecial(java.lang.Object, java.lang.Object, int)'> (0x000000008b211d48) 
thrown [s\open\src\hotspot\share\interpreter\linkResolver.cpp, line 805]
Event: 3.386 Thread 0x000001fae259a930 Exception <a 'java/lang/NoSuchMethodError'{0x000000008b219968}: 'void java.lang.invoke.Invokers$Holder.invokeExact_MT(java.lang.Object, int, java.lang.Object)'> (0x000000008b219968) 
thrown [s\open\src\hotspot\share\interpreter\linkResolver.cpp, line 805]
Event: 3.393 Thread 0x000001fae259a930 Exception <a 'java/lang/NoSuchMethodError'{0x000000008b234218}: 'void java.lang.invoke.DirectMethodHandle$Holder.invokeStatic(java.lang.Object, java.lang.Object, int)'> (0x000000008b234218) 
thrown [s\open\src\hotspot\share\interpreter\linkResolver.cpp, line 805]
Event: 3.394 Thread 0x000001fae259a930 Exception <a 'java/lang/NoSuchMethodError'{0x000000008b243308}: 'java.lang.Object java.lang.invoke.DirectMethodHandle$Holder.newInvokeSpecial(java.lang.Object, java.lang.Object, int)'> (0x000000008b243308) 
thrown [s\open\src\hotspot\share\interpreter\linkResolver.cpp, line 805]
Event: 3.395 Thread 0x000001fac706e3d0 Exception <a 'java/lang/NoSuchMethodError'{0x000000008b281328}: 'long java.lang.invoke.DirectMethodHandle$Holder.invokeSpecial(java.lang.Object, java.lang.Object)'> (0x000000008b281328) 
thrown [s\open\src\hotspot\share\interpreter\linkResolver.cpp, line 805]
Event: 3.409 Thread 0x000001fae259a930 Exception <a 'sun/nio/fs/WindowsException'{0x000000008b278208}> (0x000000008b278208) 
thrown [s\open\src\hotspot\share\prims\jni.cpp, line 518]
Event: 3.414 Thread 0x000001fae259a930 Exception <a 'sun/nio/fs/WindowsException'{0x000000008b105e68}> (0x000000008b105e68) 
thrown [s\open\src\hotspot\share\prims\jni.cpp, line 518]
Event: 3.416 Thread 0x000001fae272ae70 Exception <a 'java/lang/NoSuchMethodError'{0x000000008c47e200}: 'java.lang.Object java.lang.invoke.DirectMethodHandle$Holder.newInvokeSpecial(java.lang.Object, java.lang.Object, java.lang.Object, int)'> (0x000000008c47e200) 
thrown [s\open\src\hotspot\share\interpreter\linkResolver.cpp, line 805]
Event: 3.417 Thread 0x000001fae272ae70 Exception <a 'java/lang/NoSuchMethodError'{0x000000008b187468}: 'java.lang.Object java.lang.invoke.Invokers$Holder.linkToTargetMethod(java.lang.Object, java.lang.Object, int, java.lang.Object)'> (0x000000008b187468) 
thrown [s\open\src\hotspot\share\interpreter\linkResolver.cpp, line 805]
Event: 3.424 Thread 0x000001fae259a930 Exception <a 'sun/nio/fs/WindowsException'{0x000000008b117c48}> (0x000000008b117c48) 
thrown [s\open\src\hotspot\share\prims\jni.cpp, line 518]

VM Operations (10 events):
Event: 3.394 Executing VM operation: HandshakeAllThreads (Deoptimize)
Event: 3.394 Executing VM operation: HandshakeAllThreads (Deoptimize) done
Event: 3.396 Executing VM operation: HandshakeAllThreads (Deoptimize)
Event: 3.399 Executing VM operation: HandshakeAllThreads (Deoptimize) done
Event: 3.399 Executing VM operation: HandshakeAllThreads (Deoptimize)
Event: 3.402 Executing VM operation: HandshakeAllThreads (Deoptimize) done
Event: 3.435 Executing VM operation: HandshakeAllThreads (Deoptimize)
Event: 3.435 Executing VM operation: HandshakeAllThreads (Deoptimize) done
Event: 3.454 Executing VM operation: JFRSafepointClear
Event: 3.454 Executing VM operation: JFRSafepointClear done

Memory protections (0 events):
No events

Nmethod flushes (0 events):
No events

Events (20 events):
Event: 0.266 Thread 0x000001fae259a930 Thread added: 0x000001fae2722d00
Event: 0.266 Thread 0x000001fae259a930 Thread added: 0x000001fae2727450
Event: 0.266 Thread 0x000001fae259a930 Thread added: 0x000001fae2729ba0
Event: 0.266 Thread 0x000001fae259a930 Thread added: 0x000001fae272ae70
Event: 0.266 Thread 0x000001fae259a930 Thread added: 0x000001fae272b9a0
Event: 0.266 Thread 0x000001fae259a930 Thread added: 0x000001fae272c600
Event: 0.266 Thread 0x000001fae259a930 Thread added: 0x000001fae272d260
Event: 0.385 Thread 0x000001fae272d260 Thread added: 0x000001fac1198d40
Event: 0.409 Thread 0x000001fae272d260 Thread added: 0x000001fac125e790
Event: 0.412 Thread 0x000001fac125e790 Thread added: 0x000001fac1262da0
Event: 0.412 Thread 0x000001fae272d260 Thread added: 0x000001fac1267850
Event: 0.413 Thread 0x000001fae272d260 Thread added: 0x000001fac1268230
Event: 0.441 Thread 0x000001fae259a930 Thread added: 0x000001fac12c6450
Event: 2.138 Thread 0x000001fac1268230 Thread exited: 0x000001fac1268230
Event: 2.554 Thread 0x000001fac1267850 Thread exited: 0x000001fac1267850
Event: 2.554 Thread 0x000001fac1262da0 Thread exited: 0x000001fac1262da0
Event: 2.777 Thread 0x000001fae259a930 Thread added: 0x000001fac162fe20
Event: 3.111 Thread 0x000001fae259a930 Thread added: 0x000001fac6fa0860
Event: 3.324 Thread 0x000001fac1198d40 Thread added: 0x000001fac7009990
Event: 3.394 Thread 0x000001fae259a930 Thread added: 0x000001fac706e3d0


Dynamic libraries:
0x00007ff6bba40000 - 0x00007ff6bba4e000 	C:\Users\Nitro\.jdks\openjdk-24.0.1\bin\java.exe
0x00007ff94d580000 - 0x00007ff94d7e5000 	C:\WINDOWS\SYSTEM32\ntdll.dll
0x00007ff94bea0000 - 0x00007ff94bf69000 	C:\WINDOWS\System32\KERNEL32.DLL
0x00007ff94a850000 - 0x00007ff94ac38000 	C:\WINDOWS\System32\KERNELBASE.dll
0x00007ff94acf0000 - 0x00007ff94ae3b000 	C:\WINDOWS\System32\ucrtbase.dll
0x00007ff93ec50000 - 0x00007ff93ec6b000 	C:\Users\Nitro\.jdks\openjdk-24.0.1\bin\VCRUNTIME140.dll
0x00007ff93ec70000 - 0x00007ff93ec86000 	C:\Users\Nitro\.jdks\openjdk-24.0.1\bin\jli.dll
0x00007ff94d1b0000 - 0x00007ff94d37a000 	C:\WINDOWS\System32\USER32.dll
0x00007ff94ae40000 - 0x00007ff94ae67000 	C:\WINDOWS\System32\win32u.dll
0x00007ff92e8e0000 - 0x00007ff92eb7a000 	C:\WINDOWS\WinSxS\amd64_microsoft.windows.common-controls_6595b64144ccf1df_6.0.26100.4202_none_3e0698d4e335f517\COMCTL32.dll
0x00007ff94d4e0000 - 0x00007ff94d50b000 	C:\WINDOWS\System32\GDI32.dll
0x00007ff94d100000 - 0x00007ff94d1a9000 	C:\WINDOWS\System32\msvcrt.dll
0x00007ff94b140000 - 0x00007ff94b277000 	C:\WINDOWS\System32\gdi32full.dll
0x00007ff94ac40000 - 0x00007ff94ace3000 	C:\WINDOWS\System32\msvcp_win.dll
0x00007ff94d4a0000 - 0x00007ff94d4d0000 	C:\WINDOWS\System32\IMM32.DLL
0x00007ff946670000 - 0x00007ff94667c000 	C:\Users\Nitro\.jdks\openjdk-24.0.1\bin\vcruntime140_1.dll
0x00007ff8d4a10000 - 0x00007ff8d4a9e000 	C:\Users\Nitro\.jdks\openjdk-24.0.1\bin\msvcp140.dll
0x00007ff8b9510000 - 0x00007ff8ba2b2000 	C:\Users\Nitro\.jdks\openjdk-24.0.1\bin\server\jvm.dll
0x00007ff94bf80000 - 0x00007ff94c033000 	C:\WINDOWS\System32\ADVAPI32.dll
0x00007ff94b320000 - 0x00007ff94b3c6000 	C:\WINDOWS\System32\sechost.dll
0x00007ff94d380000 - 0x00007ff94d495000 	C:\WINDOWS\System32\RPCRT4.dll
0x00007ff94ce20000 - 0x00007ff94ce94000 	C:\WINDOWS\System32\WS2_32.dll
0x00007ff9492b0000 - 0x00007ff94930e000 	C:\WINDOWS\SYSTEM32\POWRPROF.dll
0x00007ff941020000 - 0x00007ff94102b000 	C:\WINDOWS\SYSTEM32\VERSION.dll
0x00007ff93d550000 - 0x00007ff93d585000 	C:\WINDOWS\SYSTEM32\WINMM.dll
0x00007ff949290000 - 0x00007ff9492a4000 	C:\WINDOWS\SYSTEM32\UMPDC.dll
0x00007ff949570000 - 0x00007ff94958b000 	C:\WINDOWS\SYSTEM32\kernel.appcore.dll
0x00007ff93e730000 - 0x00007ff93e73a000 	C:\Users\Nitro\.jdks\openjdk-24.0.1\bin\jimage.dll
0x00007ff947dd0000 - 0x00007ff948011000 	C:\WINDOWS\SYSTEM32\DBGHELP.DLL
0x00007ff94c320000 - 0x00007ff94c6a5000 	C:\WINDOWS\System32\combase.dll
0x00007ff94ba80000 - 0x00007ff94bb61000 	C:\WINDOWS\System32\OLEAUT32.dll
0x00007ff92efc0000 - 0x00007ff92eff9000 	C:\WINDOWS\SYSTEM32\dbgcore.DLL
0x00007ff94b280000 - 0x00007ff94b319000 	C:\WINDOWS\System32\bcryptPrimitives.dll
0x00007ff946b30000 - 0x00007ff946b3f000 	C:\Users\Nitro\.jdks\openjdk-24.0.1\bin\instrument.dll
0x00007ff927c00000 - 0x00007ff927c1e000 	C:\Users\Nitro\.jdks\openjdk-24.0.1\bin\java.dll
0x00007ff94c040000 - 0x00007ff94c1de000 	C:\WINDOWS\System32\ole32.dll
0x00007ff94c6d0000 - 0x00007ff94ce12000 	C:\WINDOWS\System32\SHELL32.dll
0x00007ff94ae70000 - 0x00007ff94afe4000 	C:\WINDOWS\System32\wintypes.dll
0x00007ff8cdd20000 - 0x00007ff8cdf97000 	C:\Users\Nitro\AppData\Local\Temp\idea_libasyncProfiler_dll_temp_folder\libasyncProfiler.dll
0x00007ff948330000 - 0x00007ff948b88000 	C:\WINDOWS\SYSTEM32\windows.storage.dll
0x00007ff94bda0000 - 0x00007ff94be91000 	C:\WINDOWS\System32\SHCORE.dll
0x00007ff94cf00000 - 0x00007ff94cf6a000 	C:\WINDOWS\System32\shlwapi.dll
0x00007ff94a5e0000 - 0x00007ff94a60f000 	C:\WINDOWS\SYSTEM32\profapi.dll
0x00007ff925ba0000 - 0x00007ff925bb7000 	C:\Users\Nitro\.jdks\openjdk-24.0.1\bin\zip.dll
0x00007ff930c10000 - 0x00007ff930c20000 	C:\Users\Nitro\.jdks\openjdk-24.0.1\bin\net.dll
0x00007ff949ac0000 - 0x00007ff949b2a000 	C:\WINDOWS\system32\mswsock.dll
0x00007ff925bc0000 - 0x00007ff925bd6000 	C:\Users\Nitro\.jdks\openjdk-24.0.1\bin\nio.dll
0x00007ff926b90000 - 0x00007ff926baa000 	C:\Program Files\JetBrains\IntelliJ IDEA 2024.1.1\bin\breakgen64.dll
0x00007ff925dd0000 - 0x00007ff925dd9000 	C:\Users\Nitro\.jdks\openjdk-24.0.1\bin\extnet.dll

JVMTI agents:
C:\Program Files\JetBrains\IntelliJ IDEA 2024.1.1\lib\idea_rt.jar path:C:\Users\Nitro\.jdks\openjdk-24.0.1\bin\instrument.dll, loaded, initialized, instrumentlib options:58880:C:\Program Files\JetBrains\IntelliJ IDEA 2024.1.1\bin
C:\Users\Nitro\AppData\Local\Temp\idea_libasyncProfiler_dll_temp_folder\libasyncProfiler.dll path:C:\Users\Nitro\AppData\Local\Temp\idea_libasyncProfiler_dll_temp_folder\libasyncProfiler.dll, loaded, initialized, options:start,jfr,event=wall,interval=10ms,jfrsync=profile,cstack=no,file=C:\Users\Nitro\IdeaSnapshots\UserServiceApplication__1__2025_06_25_233354.jfr,dbghelppath=C:\Users\Nitro\AppData\Local\Temp\idea_dbghelp_dll_temp_folder\dbghelp.dll,log=C:\Users\Nitro\AppData\Local\Temp\UserServiceApplication__1__2025_06_25_233354.jfr.log.txt,logLevel=DEBUG

dbghelp: loaded successfully - version: 4.0.5 - missing functions: none
symbol engine: initialized successfully - sym options: 0x614 - pdb path: .;C:\Users\Nitro\.jdks\openjdk-24.0.1\bin;C:\WINDOWS\SYSTEM32;C:\WINDOWS\WinSxS\amd64_microsoft.windows.common-controls_6595b64144ccf1df_6.0.26100.4202_none_3e0698d4e335f517;C:\Users\Nitro\.jdks\openjdk-24.0.1\bin\server;C:\Users\Nitro\AppData\Local\Temp\idea_libasyncProfiler_dll_temp_folder;C:\Program Files\JetBrains\IntelliJ IDEA 2024.1.1\bin

VM Arguments:
jvm_args: -XX:TieredStopAtLevel=1 -Dspring.output.ansi.enabled=always -Dcom.sun.management.jmxremote -Dspring.jmx.enabled=true -Dspring.liveBeansView.mbeanDomain -Dspring.application.admin.enabled=true -Dmanagement.endpoints.jmx.exposure.include=* -javaagent:C:\Program Files\JetBrains\IntelliJ IDEA 2024.1.1\lib\idea_rt.jar=58880:C:\Program Files\JetBrains\IntelliJ IDEA 2024.1.1\bin -agentpath:C:\Users\Nitro\AppData\Local\Temp\idea_libasyncProfiler_dll_temp_folder\libasyncProfiler.dll=start,jfr,event=wall,interval=10ms,jfrsync=profile,cstack=no,file=C:\Users\Nitro\IdeaSnapshots\UserServiceApplication__1__2025_06_25_233354.jfr,dbghelppath=C:\Users\Nitro\AppData\Local\Temp\idea_dbghelp_dll_temp_folder\dbghelp.dll,log=C:\Users\Nitro\AppData\Local\Temp\UserServiceApplication__1__2025_06_25_233354.jfr.log.txt,logLevel=DEBUG -Dfile.encoding=UTF-8 -Dsun.stdout.encoding=UTF-8 -Dsun.stderr.encoding=UTF-8 
java_command: NiggleNandu.User_Service.UserServiceApplication
java_class_path (initial): C:\Users\Nitro\IdeaProjects\Springboot\sb_projects\Microservice-Smart-Ecommerce-System\User-Service\target\classes;C:\Users\Nitro\.m2\repository\org\springframework\boot\spring-boot-starter-data-jpa\3.5.3\spring-boot-starter-data-jpa-3.5.3.jar;C:\Users\Nitro\.m2\repository\org\springframework\boot\spring-boot-starter\3.5.3\spring-boot-starter-3.5.3.jar;C:\Users\Nitro\.m2\repository\org\springframework\boot\spring-boot\3.5.3\spring-boot-3.5.3.jar;C:\Users\Nitro\.m2\repository\org\springframework\boot\spring-boot-autoconfigure\3.5.3\spring-boot-autoconfigure-3.5.3.jar;C:\Users\Nitro\.m2\repository\org\springframework\boot\spring-boot-starter-logging\3.5.3\spring-boot-starter-logging-3.5.3.jar;C:\Users\Nitro\.m2\repository\ch\qos\logback\logback-classic\1.5.18\logback-classic-1.5.18.jar;C:\Users\Nitro\.m2\repository\ch\qos\logback\logback-core\1.5.18\logback-core-1.5.18.jar;C:\Users\Nitro\.m2\repository\org\apache\logging\log4j\log4j-to-slf4j\2.24.3\log4j-to-slf4j-2.24.3.jar;C:\Users\Nitro\.m2\repository\org\apache\logging\log4j\log4j-api\2.24.3\log4j-api-2.24.3.jar;C:\Users\Nitro\.m2\repository\org\slf4j\jul-to-slf4j\2.0.17\jul-to-slf4j-2.0.17.jar;C:\Users\Nitro\.m2\repository\jakarta\annotation\jakarta.annotation-api\2.1.1\jakarta.annotation-api-2.1.1.jar;C:\Users\Nitro\.m2\repository\org\yaml\snakeyaml\2.4\snakeyaml-2.4.jar;C:\Users\Nitro\.m2\repository\org\springframework\boot\spring-boot-starter-jdbc\3.5.3\spring-boot-starter-jdbc-3.5.3.jar;C:\Users\Nitro\.m2\repository\com\zaxxer\HikariCP\6.3.0\HikariCP-6.3.0.jar;C:\Users\Nitro\.m2\repository\org\springframework\spring-jdbc\6.2.8\spring-jdbc-6.2.8.jar;C:\Users\Nitro\.m2\repository\org\hibernate\orm\hibernate-core\6.6.18.Final\hibernate-core-6.6.18.Final.jar;C:\Users\Nitro\.m2\repository\jakarta\persistence\jakarta.persistence-api\3.1.0\jakarta.persistence-api-3.1.0.jar;C:\Users\Nitro\.m2\repository\jakarta\transaction\jakarta.transaction-api\2.0.1\jakarta.transaction-api-2.0.1.jar;C:\Users\Nitro\.m2\repository\org\jboss\logging\jboss-logging\3.6.1.Final\jboss-logging-3.6.1.Final.jar;C:\Users\Nitro\.m2\repository\org\hibernate\common\hibernate-commons-annotations\7.0.3.Final\hibernate-commons-annotations-7.0.3.Final.jar;C:\Users\Nitro\.m2\repository\io\smallrye\jandex\3.2.0\jandex-3.2.0.jar;C:\Users\Nitro\.m2\repository\com\fasterxml\classmate\1.7.0\classmate-1.7.0.jar;C:\Users\Nitro\.m2\repository\net\bytebuddy\byte-buddy\1.17.6\byte-buddy-1.17.6.jar;C:\Users\Nitro\.m2\repository\org\glassfish\jaxb\jaxb-runtime\4.0.5\jaxb-runtime-4.0.5.jar;C:\Users\Nitro\.m2\repository\org\glassfish\jaxb\jaxb-core\4.0.5\jaxb-core-4.0.5.jar;C:\Users\Nitro\.m2\repository\org\eclipse\angus\angus-activation\2.0.2\angus-activation-2.0.2.jar;C:\Users\Nitro\.m2\repository\org\glassfish\jaxb\txw2\4.0.5\txw2-4.0.5.jar;C:\Users\Nitro\.m2\repository\com\sun\istack\istack-commons-runtime\4.1.2\istack-commons-runtime-4.1.2.jar;C:\Users\Nitro\.m2\repository\jakarta\inject\jakarta.inject-api\2.0.1\jakarta.inject-api-2.0.1.jar;C:\Users\Nitro\.m2\repository\org\antlr\antlr4-runtime\4.13.0\antlr4-runtime-4.13.0.jar;C:\Users\Nitro\.m2\repository\org\springframework\data\spring-data-jpa\3.5.1\spring-data-jpa-3.5.1.jar;C:\Users\Nitro\.m2\repository\org\springframework\data\spring-data-commons\3.5.1\spring-data-commons-3.5.1.jar;C:\Users\Nitro\.m2\repository\org\springframework\spring-orm\6.2.8\spring-orm-6.2.8.jar;C:\Users\Nitro\.m2\repository\org\springframework\spring-context\6.2.8\spring-context-6.2.8.jar;C:\Users\Nitro\.m2\repository\org\springframework\spring-aop\6.2.8\spring-aop-6.2.8.jar;C:\Users\Nitro\.m2\repository\org\springframework\spring-tx\6.2.8\spring-tx-6.2.8.jar;C:\Users\Nitro\.m2\repository\org\springframework\spring-beans\6.2.8\spring-beans-6.2.8.jar;C:\Users\Nitro\.m2\repository\org\slf4j\slf4j-api\2.0.17\slf4j-api-2.0.17.jar;C:\Users\Nitro\.m2\repository\org\springframework\spring-aspects\6.2.8\spring-aspects-6.2.8.jar;C:\Users\Nitro\.m2\repository\org\aspectj\aspectjweaver\1.9.24\aspectjweaver-1.9.24.jar;C:\Users\Nitro\.m2\repository\org\springframework\boot\spring-boot-starter-web\3.5.3\spring-boot-starter-web-3.5.3.jar;C:\Users\Nitro\.m2\repository\org\springframework\boot\spring-boot-starter-json\3.5.3\spring-boot-starter-json-3.5.3.jar;C:\Users\Nitro\.m2\repository\com\fasterxml\jackson\core\jackson-databind\2.19.1\jackson-databind-2.19.1.jar;C:\Users\Nitro\.m2\repository\com\fasterxml\jackson\core\jackson-annotations\2.19.1\jackson-annotations-2.19.1.jar;C:\Users\Nitro\.m2\repository\com\fasterxml\jackson\core\jackson-core\2.19.1\jackson-core-2.19.1.jar;C:\Users\Nitro\.m2\repository\com\fasterxml\jackson\datatype\jackson-datatype-jdk8\2.19.1\jackson-datatype-jdk8-2.19.1.jar;C:\Users\Nitro\.m2\repository\com\fasterxml\jackson\datatype\jackson-datatype-jsr310\2.19.1\jackson-datatype-jsr310-2.19.1.jar;C:\Users\Nitro\.m2\repository\com\fasterxml\jackson\module\jackson-module-parameter-names\2.19.1\jackson-module-parameter-names-2.19.1.jar;C:\Users\Nitro\.m2\repository\org\springframework\boot\spring-boot-starter-tomcat\3.5.3\spring-boot-starter-tomcat-3.5.3.jar;C:\Users\Nitro\.m2\repository\org\apache\tomcat\embed\tomcat-embed-core\10.1.42\tomcat-embed-core-10.1.42.jar;C:\Users\Nitro\.m2\repository\org\apache\tomcat\embed\tomcat-embed-el\10.1.42\tomcat-embed-el-10.1.42.jar;C:\Users\Nitro\.m2\repository\org\apache\tomcat\embed\tomcat-embed-websocket\10.1.42\tomcat-embed-websocket-10.1.42.jar;C:\Users\Nitro\.m2\repository\org\springframework\spring-web\6.2.8\spring-web-6.2.8.jar;C:\Users\Nitro\.m2\repository\io\micrometer\micrometer-observation\1.15.1\micrometer-observation-1.15.1.jar;C:\Users\Nitro\.m2\repository\io\micrometer\micrometer-commons\1.15.1\micrometer-commons-1.15.1.jar;C:\Users\Nitro\.m2\repository\org\springframework\spring-webmvc\6.2.8\spring-webmvc-6.2.8.jar;C:\Users\Nitro\.m2\repository\org\springframework\spring-expression\6.2.8\spring-expression-6.2.8.jar;C:\Users\Nitro\.m2\repository\com\h2database\h2\2.3.232\h2-2.3.232.jar;C:\Users\Nitro\.m2\repository\jakarta\xml\bind\jakarta.xml.bind-api\4.0.2\jakarta.xml.bind-api-4.0.2.jar;C:\Users\Nitro\.m2\repository\jakarta\activation\jakarta.activation-api\2.1.3\jakarta.activation-api-2.1.3.jar;C:\Users\Nitro\.m2\repository\org\springframework\spring-core\6.2.8\spring-core-6.2.8.jar;C:\Users\Nitro\.m2\repository\org\springframework\spring-jcl\6.2.8\spring-jcl-6.2.8.jar;C:\Users\Nitro\.m2\repository\org\springframework\cloud\spring-cloud-starter-openfeign\4.3.0\spring-cloud-starter-openfeign-4.3.0.jar;C:\Users\Nitro\.m2\repository\org\springframework\cloud\spring-cloud-starter\4.3.0\spring-cloud-starter-4.3.0.jar;C:\Users\Nitro\.m2\repository\org\springframework\cloud\spring-cloud-context\4.3.0\spring-cloud-context-4.3.0.jar;C:\Users\Nitro\.m2\repository\org\bouncycastle\bcprov-jdk18on\1.80\bcprov-jdk18on-1.80.jar;C:\Users\Nitro\.m2\repository\org\springframework\cloud\spring-cloud-openfeign-core\4.3.0\spring-cloud-openfeign-core-4.3.0.jar;C:\Users\Nitro\.m2\repository\io\github\openfeign\feign-form-spring\13.6\feign-form-spring-13.6.jar;C:\Users\Nitro\.m2\repository\org\apache\commons\commons-text\1.13.0\commons-text-1.13.0.jar;C:\Users\Nitro\.m2\repository\org\apache\commons\commons-lang3\3.17.0\commons-lang3-3.17.0.jar;C:\Users\Nitro\.m2\repository\io\github\openfeign\feign-form\13.6\feign-form-13.6.jar;C:\Users\Nitro\.m2\repository\commons-fileupload\commons-fileupload\1.5\commons-fileupload-1.5.jar;C:\Users\Nitro\.m2\repository\org\springframework\cloud\spring-cloud-commons\4.3.0\spring-cloud-commons-4.3.0.jar;C:\Users\Nitro\.m2\repository\org\springframework\security\spring-security-crypto\6.5.1\spring-security-crypto-6.5.1.jar;C:\Users\Nitro\.m2\repository\io\github\openfeign\feign-core\13.6\feign-core-13.6.jar;C:\Users\Nitro\.m2\repository\io\github\openfeign\feign-slf4j\13.6\feign-slf4j-13.6.jar
Launcher Type: SUN_STANDARD

[Global flags]
     intx CICompilerCount                          = 12                                        {product} {ergonomic}
     uint ConcGCThreads                            = 3                                         {product} {ergonomic}
     bool FlightRecorder                           = true                                      {product} {management}
     uint G1ConcRefinementThreads                  = 13                                        {product} {ergonomic}
   size_t G1HeapRegionSize                         = 1048576                                   {product} {ergonomic}
   size_t InitialHeapSize                          = 130023424                                 {product} {ergonomic}
     bool ManagementServer                         = true                                      {product} {command line}
   size_t MarkStackSize                            = 4194304                                   {product} {ergonomic}
   size_t MarkStackSizeMax                         = 536870912                                 {product} {ergonomic}
   size_t MaxHeapSize                              = 2069889024                                {product} {ergonomic}
   size_t MaxNewSize                               = 1241513984                                {product} {ergonomic}
   size_t MinHeapDeltaBytes                        = 1048576                                   {product} {ergonomic}
   size_t MinHeapSize                              = 8388608                                   {product} {ergonomic}
    uintx NonNMethodCodeHeapSize                   = 4096                                   {pd product} {ergonomic}
    uintx NonProfiledCodeHeapSize                  = 0                                      {pd product} {ergonomic}
     bool ProfileInterpreter                       = false                                  {pd product} {command line}
    uintx ProfiledCodeHeapSize                     = 0                                      {pd product} {ergonomic}
   size_t SoftMaxHeapSize                          = 2069889024                             {manageable} {ergonomic}
     intx TieredStopAtLevel                        = 1                                         {product} {command line}
     bool UseCompressedOops                        = true                           {product lp64_product} {ergonomic}
     bool UseG1GC                                  = true                                      {product} {ergonomic}
     bool UseLargePagesIndividualAllocation        = false                                  {pd product} {ergonomic}

Logging:
Log output configuration:
 #0: stdout all=warning uptime,level,tags foldmultilines=false
 #1: stderr all=off uptime,level,tags foldmultilines=false

Environment Variables:
PATH=C:\Program Files (x86)\Common Files\Intel\Shared Libraries\redist\intel64\compiler;C:\WINDOWS\system32;C:\WINDOWS;C:\WINDOWS\System32\Wbem;C:\WINDOWS\System32\WindowsPowerShell\v1.0\;C:\WINDOWS\System32\OpenSSH\;C:\Program Files\dotnet\;C:\ProgramData\Microsoft\Windows\Start Menu\Programs\Node.js;C:\Program Files\Docker\Docker\resources\bin;C:\Program Files\Git\cmd;C:\Program Files\nodejs\;C:\Program Files\Common Files\Oracle\Java\javapath;C:\Users\Nitro\AppData\Local\Programs\Python\Python313\Scripts\;C:\Users\Nitro\AppData\Local\Programs\Python\Python313\;C:\Program Files\MySQL\MySQL Shell 8.0\bin\;C:\Users\Nitro\AppData\Local\Microsoft\WindowsApps;C:\Users\Nitro\AppData\Local\Programs\Microsoft VS Code\bin;C:\Program Files\JetBrains\IntelliJ IDEA Community Edition 2023.3.1\bin;;C:\Users\Nitro\AppData\Local\GitHubDesktop\bin;C:\Program Files\JetBrains\IntelliJ IDEA 2024.1.1\bin;;C:\Users\Nitro\.dotnet\tools;C:\Users\Nitro\AppData\Roaming\npm
USERNAME=Nitro
OS=Windows_NT
PROCESSOR_IDENTIFIER=Intel64 Family 6 Model 186 Stepping 2, GenuineIntel
TMP=C:\Users\Nitro\AppData\Local\Temp
TEMP=C:\Users\Nitro\AppData\Local\Temp




Periodic native trim disabled

---------------  S Y S T E M  ---------------

OS:
 Windows 11 , 64 bit Build 26100 (10.0.26100.4202)
OS uptime: 2 days 22:58 hours
Hyper-V role detected

CPU: total 16 (initial active 16) (8 cores per cpu, 2 threads per core) family 6 model 186 stepping 2 microcode 0x5103, cx8, cmov, fxsr, ht, mmx, 3dnowpref, sse, sse2, sse3, ssse3, sse4.1, sse4.2, popcnt, lzcnt, tsc, tscinvbit, avx, avx2, aes, erms, clmul, bmi1, bmi2, adx, sha, fma, vzeroupper, clflush, clflushopt, clwb, hv, serialize, rdtscp, rdpid, fsrm, gfni, f16c, cet_ibt, cet_ss
Processor Information for the first 16 processors :
  Max Mhz: 2400, Current Mhz: 2400, Mhz Limit: 2400

Memory: 4k page, system-wide physical 7895M (808M free)
TotalPageFile size 24279M (AvailPageFile size 9695M)
current process WorkingSet (physical memory assigned to process): 81M, peak: 81M
current process commit charge ("private bytes"): 258M, peak: 258M

vm_info: OpenJDK 64-Bit Server VM (24.0.1+9-30) for windows-amd64 JRE (24.0.1+9-30), built on 2025-03-05T07:23:45Z with MS VC++ 17.6 (VS2022)

END.
